Removed Pin From Net: NetName=GND Pin=P10-1
Removed Pin From Net: NetName=VCC Pin=P10-2
Removed Pin From Net: NetName=NetP5_8 Pin=P10-4
Removed Pin From Net: NetName=NetP5_7 Pin=P10-5
Removed Pin From Net: NetName=NetP5_6 Pin=P10-6
Removed Pin From Net: NetName=VCC Pin=U1-10
Change Component Footprint: Designator=S1 Old Footprint=HDR1X2 New Footprint=S
Added Component: Designator=P11(HDR1X2)
Added Pin To Net: NetName=NetP5_6 Pin=P10-1
Added Pin To Net: NetName=NetP5_7 Pin=P10-2
Added Pin To Net: NetName=NetP5_8 Pin=P10-3
Added Pin To Net: NetName=GND Pin=P10-6
Added Pin To Net: NetName=VCC Pin=P11-1
Added Pin To Net: NetName=NETLABEL1 Pin=P10-8
Added Pin To Net: NetName=NETLABEL1 Pin=P11-2
Added Pin To Net: NetName=NETLABEL1 Pin=U1-10
Added Net: Name=NETLABEL1
Added Pin To Net: NetName=NetP10_4 Pin=P10-4
Added Pin To Net: NetName=NetP10_4 Pin=S1-2
Added Pin To Net: NetName=NetP10_4 Pin=U1-9
Added Net: Name=NetP10_4
Added Pin To Net: NetName=NetP10_5 Pin=P10-5
Added Pin To Net: NetName=NetP10_5 Pin=P10-7
Added Net: Name=NetP10_5
Added Member To Class: ClassName=circuit 1 Member=Component P11 Header 2
