Added Component: Designator=C1(RAD-0.1)
Added Component: Designator=C2(RAD-0.1)
Added Component: Designator=C3(RAD-0.1)
Added Component: Designator=C4(RAD-0.1)
Added Component: Designator=C5(RAD-0.1)
Added Component: Designator=C6(RB7.6-15)
Added Component: Designator=C7(RB7.6-15)
Added Component: Designator=C8(RAD-0.1)
Added Component: Designator=D1(DIO10.46-5.3x2.8)
Added Component: Designator=D2(LED-0)
Added Component: Designator=L1(AXIAL-0.3)
Added Component: Designator=P1(HDR1X2)
Added Component: Designator=P2(HDR1X2)
Added Component: Designator=P3(HDR1X2)
Added Component: Designator=P4(HDR1X10)
Added Component: Designator=P5(HDR1X10)
Added Component: Designator=P6(HDR1X5)
Added Component: Designator=P7(HDR1X4)
Added Component: Designator=P8(HDR1X10)
Added Component: Designator=P9(HDR1X10)
Added Component: Designator=R1(AXIAL-0.3)
Added Component: Designator=R2(AXIAL-0.3)
Added Component: Designator=R3(AXIAL-0.3)
Added Component: Designator=R4(AXIAL-0.3)
Added Component: Designator=S1(SPST-2)
Added Component: Designator=U1(40P6)
Added Component: Designator=U2(T03B)
Added Component: Designator=Y1(RAD-0.2)
Added Pin To Net: NetName=GND Pin=C1-1
Added Pin To Net: NetName=VCC Pin=C1-2
Added Pin To Net: NetName=GND Pin=C2-1
Added Pin To Net: NetName=NetC2_2 Pin=C2-2
Added Pin To Net: NetName=NetC3_1 Pin=C3-1
Added Pin To Net: NetName=GND Pin=C3-2
Added Pin To Net: NetName=NetC4_1 Pin=C4-1
Added Pin To Net: NetName=GND Pin=C4-2
Added Pin To Net: NetName=GND Pin=C5-1
Added Pin To Net: NetName=NetC5_2 Pin=C5-2
Added Pin To Net: NetName=VCC Pin=C6-1
Added Pin To Net: NetName=GND Pin=C6-2
Added Pin To Net: NetName=NetC7_1 Pin=C7-1
Added Pin To Net: NetName=GND Pin=C7-2
Added Pin To Net: NetName=NetC8_1 Pin=C8-1
Added Pin To Net: NetName=GND Pin=C8-2
Added Pin To Net: NetName=NetC7_1 Pin=D1-1
Added Pin To Net: NetName=NetC2_2 Pin=D1-2
Added Pin To Net: NetName=NetD2_1 Pin=D2-1
Added Pin To Net: NetName=GND Pin=D2-2
Added Pin To Net: NetName=NetC4_1 Pin=L1-1
Added Pin To Net: NetName=NetC5_2 Pin=L1-2
Added Pin To Net: NetName=NetC7_1 Pin=P1-1
Added Pin To Net: NetName=GND Pin=P1-2
Added Pin To Net: NetName=NetC4_1 Pin=P2-1
Added Pin To Net: NetName=NetP2_2 Pin=P2-2
Added Pin To Net: NetName=VCC Pin=P3-1
Added Pin To Net: NetName=NetC4_1 Pin=P3-2
Added Pin To Net: NetName=NetP4_1 Pin=P4-1
Added Pin To Net: NetName=NetP4_2 Pin=P4-2
Added Pin To Net: NetName=NetP4_3 Pin=P4-3
Added Pin To Net: NetName=NetP4_4 Pin=P4-4
Added Pin To Net: NetName=NetP4_5 Pin=P4-5
Added Pin To Net: NetName=NetP4_6 Pin=P4-6
Added Pin To Net: NetName=NetP4_7 Pin=P4-7
Added Pin To Net: NetName=NetP4_8 Pin=P4-8
Added Pin To Net: NetName=GND Pin=P4-9
Added Pin To Net: NetName=GND Pin=P4-10
Added Pin To Net: NetName=NetP5_1 Pin=P5-1
Added Pin To Net: NetName=NetP5_2 Pin=P5-2
Added Pin To Net: NetName=NetP5_3 Pin=P5-3
Added Pin To Net: NetName=NetP5_4 Pin=P5-4
Added Pin To Net: NetName=NetP5_5 Pin=P5-5
Added Pin To Net: NetName=NetP5_6 Pin=P5-6
Added Pin To Net: NetName=NetP5_7 Pin=P5-7
Added Pin To Net: NetName=NetP5_8 Pin=P5-8
Added Pin To Net: NetName=GND Pin=P5-10
Added Pin To Net: NetName=GND Pin=P6-1
Added Pin To Net: NetName=NetP4_8 Pin=P6-2
Added Pin To Net: NetName=NetP4_5 Pin=P6-3
Added Pin To Net: NetName=NetP4_6 Pin=P6-4
Added Pin To Net: NetName=NetP5_4 Pin=P6-5
Added Pin To Net: NetName=GND Pin=P7-1
Added Pin To Net: NetName=NetP7_2 Pin=P7-2
Added Pin To Net: NetName=NetP7_3 Pin=P7-3
Added Pin To Net: NetName=NetP7_4 Pin=P7-4
Added Pin To Net: NetName=NetP7_4 Pin=P8-1
Added Pin To Net: NetName=NetP7_3 Pin=P8-2
Added Pin To Net: NetName=NetP7_2 Pin=P8-3
Added Pin To Net: NetName=NetP8_4 Pin=P8-4
Added Pin To Net: NetName=NetP8_5 Pin=P8-5
Added Pin To Net: NetName=NetP8_6 Pin=P8-6
Added Pin To Net: NetName=NetP8_7 Pin=P8-7
Added Pin To Net: NetName=NetP8_8 Pin=P8-8
Added Pin To Net: NetName=NetP9_1 Pin=P9-1
Added Pin To Net: NetName=NetP9_2 Pin=P9-2
Added Pin To Net: NetName=NetP9_3 Pin=P9-3
Added Pin To Net: NetName=NetP9_4 Pin=P9-4
Added Pin To Net: NetName=NetP9_5 Pin=P9-5
Added Pin To Net: NetName=NetP9_6 Pin=P9-6
Added Pin To Net: NetName=NetP9_7 Pin=P9-7
Added Pin To Net: NetName=NetP9_8 Pin=P9-8
Added Pin To Net: NetName=NetD2_1 Pin=R1-1
Added Pin To Net: NetName=VCC Pin=R1-2
Added Pin To Net: NetName=NetP7_4 Pin=R2-1
Added Pin To Net: NetName=VCC Pin=R2-2
Added Pin To Net: NetName=NetP7_3 Pin=R3-1
Added Pin To Net: NetName=VCC Pin=R3-2
Added Pin To Net: NetName=NetP7_2 Pin=R4-1
Added Pin To Net: NetName=VCC Pin=R4-2
Added Pin To Net: NetName=GND Pin=S1-1
Added Pin To Net: NetName=NetS1_2 Pin=S1-2
Added Pin To Net: NetName=NetP5_1 Pin=U1-1
Added Pin To Net: NetName=NetP5_2 Pin=U1-2
Added Pin To Net: NetName=NetP5_3 Pin=U1-3
Added Pin To Net: NetName=NetP5_4 Pin=U1-4
Added Pin To Net: NetName=NetP5_5 Pin=U1-5
Added Pin To Net: NetName=NetP5_6 Pin=U1-6
Added Pin To Net: NetName=NetP5_7 Pin=U1-7
Added Pin To Net: NetName=NetP5_8 Pin=U1-8
Added Pin To Net: NetName=NetS1_2 Pin=U1-9
Added Pin To Net: NetName=VCC Pin=U1-10
Added Pin To Net: NetName=GND Pin=U1-11
Added Pin To Net: NetName=NetC3_1 Pin=U1-12
Added Pin To Net: NetName=NetC8_1 Pin=U1-13
Added Pin To Net: NetName=NetP4_1 Pin=U1-14
Added Pin To Net: NetName=NetP4_2 Pin=U1-15
Added Pin To Net: NetName=NetP4_3 Pin=U1-16
Added Pin To Net: NetName=NetP4_4 Pin=U1-17
Added Pin To Net: NetName=NetP4_5 Pin=U1-18
Added Pin To Net: NetName=NetP4_6 Pin=U1-19
Added Pin To Net: NetName=NetP4_7 Pin=U1-20
Added Pin To Net: NetName=NetP4_8 Pin=U1-21
Added Pin To Net: NetName=NetP9_1 Pin=U1-22
Added Pin To Net: NetName=NetP9_2 Pin=U1-23
Added Pin To Net: NetName=NetP9_3 Pin=U1-24
Added Pin To Net: NetName=NetP9_4 Pin=U1-25
Added Pin To Net: NetName=NetP9_5 Pin=U1-26
Added Pin To Net: NetName=NetP9_6 Pin=U1-27
Added Pin To Net: NetName=NetP9_7 Pin=U1-28
Added Pin To Net: NetName=NetP9_8 Pin=U1-29
Added Pin To Net: NetName=NetC5_2 Pin=U1-30
Added Pin To Net: NetName=GND Pin=U1-31
Added Pin To Net: NetName=NetP2_2 Pin=U1-32
Added Pin To Net: NetName=NetP8_8 Pin=U1-33
Added Pin To Net: NetName=NetP8_7 Pin=U1-34
Added Pin To Net: NetName=NetP8_6 Pin=U1-35
Added Pin To Net: NetName=NetP8_5 Pin=U1-36
Added Pin To Net: NetName=NetP8_4 Pin=U1-37
Added Pin To Net: NetName=NetP7_2 Pin=U1-38
Added Pin To Net: NetName=NetP7_3 Pin=U1-39
Added Pin To Net: NetName=NetP7_4 Pin=U1-40
Added Pin To Net: NetName=NetC2_2 Pin=U2-1
Added Pin To Net: NetName=GND Pin=U2-2
Added Pin To Net: NetName=VCC Pin=U2-3
Added Pin To Net: NetName=NetC3_1 Pin=Y1-1
Added Pin To Net: NetName=NetC8_1 Pin=Y1-2
Added Member To Class: ClassName=circuit 1 Member=Component C1 Cap
Added Member To Class: ClassName=circuit 1 Member=Component C2 Cap
Added Member To Class: ClassName=circuit 1 Member=Component C3 Cap
Added Member To Class: ClassName=circuit 1 Member=Component C4 Cap
Added Member To Class: ClassName=circuit 1 Member=Component C5 Cap
Added Member To Class: ClassName=circuit 1 Member=Component C6 Cap Pol1
Added Member To Class: ClassName=circuit 1 Member=Component C7 Cap Pol1
Added Member To Class: ClassName=circuit 1 Member=Component C8 Cap
Added Member To Class: ClassName=circuit 1 Member=Component D1 Diode 1N4007
Added Member To Class: ClassName=circuit 1 Member=Component D2 LED0
Added Member To Class: ClassName=circuit 1 Member=Component L1 Inductor
Added Member To Class: ClassName=circuit 1 Member=Component P1 Header 2
Added Member To Class: ClassName=circuit 1 Member=Component P2 Header 2
Added Member To Class: ClassName=circuit 1 Member=Component P3 Header 2
Added Member To Class: ClassName=circuit 1 Member=Component P4 Header 10
Added Member To Class: ClassName=circuit 1 Member=Component P5 Header 10
Added Member To Class: ClassName=circuit 1 Member=Component P6 Header 5
Added Member To Class: ClassName=circuit 1 Member=Component P7 Header 4
Added Member To Class: ClassName=circuit 1 Member=Component P8 Header 10
Added Member To Class: ClassName=circuit 1 Member=Component P9 Header 10
Added Member To Class: ClassName=circuit 1 Member=Component R1 Res1
Added Member To Class: ClassName=circuit 1 Member=Component R2 Res1
Added Member To Class: ClassName=circuit 1 Member=Component R3 Res1
Added Member To Class: ClassName=circuit 1 Member=Component R4 Res1
Added Member To Class: ClassName=circuit 1 Member=Component S1 SW-PB
Added Member To Class: ClassName=circuit 1 Member=Component U1 ATmega32L-8PI
Added Member To Class: ClassName=circuit 1 Member=Component U2 LM78M05CT
Added Member To Class: ClassName=circuit 1 Member=Component Y1 XTAL
Added Room: Name=circuit 1
