Removed Pin From Net: NetName=NetP6_2 Pin=P6-4
Removed Pin From Net: NetName=NetP6_2 Pin=P6-6
Removed Pin From Net: NetName=NetP6_2 Pin=P6-8
Removed Pin From Net: NetName=NetP6_2 Pin=P101-2
Removed Pin From Net: NetName=NetP6_1 Pin=R38-1
Removed Pin From Net: NetName=NetP6_3 Pin=R39-2
Removed Pin From Net: NetName=NetP6_5 Pin=R40-2
Removed Pin From Net: NetName=NetP6_7 Pin=R41-2
Removed Pin From Net: NetName=NetP6_2 Pin=U4-3
Removed Pin From Net: NetName=NetP6_2 Pin=U5-3
Removed Pin From Net: NetName=NetP6_2 Pin=U6-3
Removed Member From Class: ClassName=AT32 Member=D38
Removed Member From Class: ClassName=AT32 Member=D39
Removed Member From Class: ClassName=AT32 Member=D40
Removed Member From Class: ClassName=AT32 Member=D41
Removed Member From Class: ClassName=AT32 Member=P101
Removed Member From Class: ClassName=AT32 Member=R38
Removed Member From Class: ClassName=AT32 Member=R39
Removed Member From Class: ClassName=AT32 Member=R40
Removed Member From Class: ClassName=AT32 Member=R41
Added Pin To Net: NetName=NetP6_4 Pin=P6-4
Added Pin To Net: NetName=NetP6_4 Pin=U4-3
Added Net: Name=NetP6_4
Added Pin To Net: NetName=NetP6_6 Pin=P6-6
Added Pin To Net: NetName=NetP6_6 Pin=U5-3
Added Net: Name=NetP6_6
Added Pin To Net: NetName=NetP6_8 Pin=P6-8
Added Pin To Net: NetName=NetP6_8 Pin=U6-3
Added Net: Name=NetP6_8
