Removed Pin From Net: NetName=GND Pin=P6-1
Removed Pin From Net: NetName=NetP4_8 Pin=P6-2
Removed Pin From Net: NetName=NetP4_5 Pin=P6-3
Removed Pin From Net: NetName=NetP4_6 Pin=P6-4
Removed Pin From Net: NetName=NetP5_4 Pin=P6-5
Added Component: Designator=R7(AXIAL-0.3)
Added Component: Designator=R8(AXIAL-0.3)
Added Component: Designator=R9(AXIAL-0.3)
Added Component: Designator=R10(AXIAL-0.3)
Added Component: Designator=U3(DIP-4)
Added Component: Designator=U4(DIP-4)
Added Component: Designator=U5(DIP-4)
Added Component: Designator=U6(DIP-4)
Added Pin To Net: NetName=NetP5_4 Pin=R7-2
Added Pin To Net: NetName=NetP4_8 Pin=R8-1
Added Pin To Net: NetName=NetP4_6 Pin=R9-1
Added Pin To Net: NetName=NetP4_5 Pin=R10-1
Added Pin To Net: NetName=GND Pin=U3-2
Added Pin To Net: NetName=GND Pin=U4-2
Added Pin To Net: NetName=GND Pin=U5-2
Added Pin To Net: NetName=GND Pin=U6-2
Added Pin To Net: NetName=NetP6_1 Pin=P6-1
Added Pin To Net: NetName=NetP6_1 Pin=U3-3
Added Pin To Net: NetName=NetP6_1 Pin=U4-3
Added Pin To Net: NetName=NetP6_1 Pin=U5-3
Added Pin To Net: NetName=NetP6_1 Pin=U6-3
Added Net: Name=NetP6_1
Added Pin To Net: NetName=NetP6_2 Pin=P6-2
Added Pin To Net: NetName=NetP6_2 Pin=U6-4
Added Net: Name=NetP6_2
Added Pin To Net: NetName=NetP6_3 Pin=P6-3
Added Pin To Net: NetName=NetP6_3 Pin=U5-4
Added Net: Name=NetP6_3
Added Pin To Net: NetName=NetP6_4 Pin=P6-4
Added Pin To Net: NetName=NetP6_4 Pin=U4-4
Added Net: Name=NetP6_4
Added Pin To Net: NetName=NetP6_5 Pin=P6-5
Added Pin To Net: NetName=NetP6_5 Pin=U3-4
Added Net: Name=NetP6_5
Added Pin To Net: NetName=NetR7_1 Pin=R7-1
Added Pin To Net: NetName=NetR7_1 Pin=U3-1
Added Net: Name=NetR7_1
Added Pin To Net: NetName=NetR8_2 Pin=R8-2
Added Pin To Net: NetName=NetR8_2 Pin=U4-1
Added Net: Name=NetR8_2
Added Pin To Net: NetName=NetR9_2 Pin=R9-2
Added Pin To Net: NetName=NetR9_2 Pin=U5-1
Added Net: Name=NetR9_2
Added Pin To Net: NetName=NetR10_2 Pin=R10-2
Added Pin To Net: NetName=NetR10_2 Pin=U6-1
Added Net: Name=NetR10_2
Added Member To Class: ClassName=circuit 1 Member=Component R7 Res1
Added Member To Class: ClassName=circuit 1 Member=Component R8 Res1
Added Member To Class: ClassName=circuit 1 Member=Component R9 Res1
Added Member To Class: ClassName=circuit 1 Member=Component R10 Res1
Added Member To Class: ClassName=circuit 1 Member=Component U3 Optoisolator1
Added Member To Class: ClassName=circuit 1 Member=Component U4 Optoisolator1
Added Member To Class: ClassName=circuit 1 Member=Component U5 Optoisolator1
Added Member To Class: ClassName=circuit 1 Member=Component U6 Optoisolator1
