Removed Pin From Net: NetName=GND Pin=P10-1
Removed Pin From Net: NetName=VCC2 Pin=P10-2
Removed Pin From Net: NetName=NetP5_8 Pin=P10-4
Removed Pin From Net: NetName=NetP5_7 Pin=P10-5
Removed Pin From Net: NetName=NetP5_6 Pin=P10-6
Removed Pin From Net: NetName=VCC2 Pin=P10-7
Removed Pin From Net: NetName=VCC2 Pin=P10-8
Removed Pin From Net: NetName=VCC2 Pin=P11-2
Removed Pin From Net: NetName=VCC2 Pin=U1-10
Change Component DesignItemId : Designator=P10 Old DesignItemId=Header 8H New DesignItemId=Header 8
Change Component Footprint: Designator=P10 Old Footprint=HDR1X8H New Footprint=HDR1X8
Change Component Comment : Designator=P10 Old Comment=Header 8H New Comment=Header 8
Added Pin To Net: NetName=VCC2 Pin=P10-1
Added Pin To Net: NetName=GND Pin=P10-2
Added Pin To Net: NetName=VCC2 Pin=P10-3
Added Pin To Net: NetName=NetP5_8 Pin=P10-6
Added Pin To Net: NetName=NetP5_7 Pin=P10-7
Added Pin To Net: NetName=NetP5_6 Pin=P10-8
Added Pin To Net: NetName=NetP10_4 Pin=P10-4
Added Pin To Net: NetName=NetP10_4 Pin=P11-2
Added Pin To Net: NetName=NetP10_4 Pin=U1-10
Added Net: Name=NetP10_4
Added Pin To Net: NetName=NetP10_5 Pin=P10-5
Added Pin To Net: NetName=NetP10_5 Pin=S1-2
Added Pin To Net: NetName=NetP10_5 Pin=U1-9
Added Net: Name=NetP10_5
