Removed Pin From Net: NetName=NetP2_2 Pin=P2-2
Removed Pin From Net: NetName=GND Pin=P3-1
Removed Pin From Net: NetName=NetP2_2 Pin=P3-2
Removed Pin From Net: NetName=GND Pin=P3-10
Removed Pin From Net: NetName=GND Pin=P4-1
Removed Pin From Net: NetName=NetC3_1 Pin=P4-8
Removed Pin From Net: NetName=NetC8_1 Pin=P4-9
Removed Pin From Net: NetName=GND Pin=P5-1
Removed Pin From Net: NetName=NetP7_2 Pin=P7-2
Removed Pin From Net: NetName=NetP4_3 Pin=P11-1
Removed Pin From Net: NetName=NetP4_4 Pin=P11-2
Removed Pin From Net: NetName=NetP4_5 Pin=P11-3
Removed Pin From Net: NetName=GND Pin=P11-4
Removed Pin From Net: NetName=NetP2_2 Pin=R2-1
Removed Pin From Net: NetName=GND Pin=S1-2
Removed Pin From Net: NetName=VCC Pin=U1-7
Removed Pin From Net: NetName=GND Pin=U1-8
Removed Pin From Net: NetName=NetC3_1 Pin=U1-9
Removed Pin From Net: NetName=NetC8_1 Pin=U1-10
Removed Pin From Net: NetName=NetP5_7 Pin=U1-11
Removed Pin From Net: NetName=NetP5_8 Pin=U1-12
Removed Pin From Net: NetName=NetP4_2 Pin=U1-14
Removed Pin From Net: NetName=NetP4_3 Pin=U1-15
Removed Pin From Net: NetName=NetP4_4 Pin=U1-16
Removed Pin From Net: NetName=NetP4_5 Pin=U1-17
Removed Pin From Net: NetName=NetP4_6 Pin=U1-18
Removed Pin From Net: NetName=NetP4_7 Pin=U1-19
Removed Pin From Net: NetName=NetC5_2 Pin=U1-20
Removed Pin From Net: NetName=NetP7_2 Pin=U1-21
Removed Pin From Net: NetName=GND Pin=U1-22
Removed Pin From Net: NetName=NetP2_2 Pin=U1-23
Removed Member From Class: ClassName=circuit 1 Member=P11
Removed Member From Class: ClassName=circuit 1 Member=P12
Removed Member From Class: ClassName=circuit 1 Member=P13
Change Component DesignItemId : Designator=U1 Old DesignItemId=ATmega8-16PC New DesignItemId=ATmega32L-8PI
Change Component Footprint: Designator=U1 Old Footprint=28P3 New Footprint=40P6
Change Component Comment : Designator=U1 Old Comment=ATmega8-16PC New Comment=ATmega32L-8PI
Change Component Designator: OldDesignator=P2 NewDesignator=P7
Change Component Designator: OldDesignator=P3 NewDesignator=P8
Change Component Designator: OldDesignator=P7 NewDesignator=P2
Change Component Designator: OldDesignator=P9 NewDesignator=P3
Added Component: Designator=P6(HDR1X5)
Added Component: Designator=P9(HDR1X10)
Added Pin To Net: NetName=NetP2_2 Pin=P2-2
Added Pin To Net: NetName=GND Pin=P4-9
Added Pin To Net: NetName=GND Pin=P6-1
Added Pin To Net: NetName=NetP4_5 Pin=P6-3
Added Pin To Net: NetName=NetP4_6 Pin=P6-4
Added Pin To Net: NetName=NetP5_4 Pin=P6-5
Added Pin To Net: NetName=NetP7_2 Pin=P7-2
Added Pin To Net: NetName=NetP7_2 Pin=P8-3
Added Pin To Net: NetName=NetP7_2 Pin=R4-1
Added Pin To Net: NetName=GND Pin=S1-1
Added Pin To Net: NetName=NetP5_7 Pin=U1-7
Added Pin To Net: NetName=NetP5_8 Pin=U1-8
Added Pin To Net: NetName=VCC Pin=U1-10
Added Pin To Net: NetName=GND Pin=U1-11
Added Pin To Net: NetName=NetC3_1 Pin=U1-12
Added Pin To Net: NetName=NetC8_1 Pin=U1-13
Added Pin To Net: NetName=NetP4_2 Pin=U1-15
Added Pin To Net: NetName=NetP4_3 Pin=U1-16
Added Pin To Net: NetName=NetP4_4 Pin=U1-17
Added Pin To Net: NetName=NetP4_5 Pin=U1-18
Added Pin To Net: NetName=NetP4_6 Pin=U1-19
Added Pin To Net: NetName=NetP4_7 Pin=U1-20
Added Pin To Net: NetName=NetC5_2 Pin=U1-30
Added Pin To Net: NetName=GND Pin=U1-31
Added Pin To Net: NetName=NetP2_2 Pin=U1-32
Added Pin To Net: NetName=NetP7_2 Pin=U1-38
Added Pin To Net: NetName=NetP4_1 Pin=P4-1
Added Pin To Net: NetName=NetP4_1 Pin=U1-14
Added Net: Name=NetP4_1
Added Pin To Net: NetName=NetP4_8 Pin=P4-8
Added Pin To Net: NetName=NetP4_8 Pin=P6-2
Added Pin To Net: NetName=NetP4_8 Pin=U1-21
Added Net: Name=NetP4_8
Added Pin To Net: NetName=NetP5_1 Pin=P5-1
Added Pin To Net: NetName=NetP5_1 Pin=U1-1
Added Net: Name=NetP5_1
Added Pin To Net: NetName=NetP7_3 Pin=P7-3
Added Pin To Net: NetName=NetP7_3 Pin=P8-2
Added Pin To Net: NetName=NetP7_3 Pin=R3-1
Added Pin To Net: NetName=NetP7_3 Pin=U1-39
Added Net: Name=NetP7_3
Added Pin To Net: NetName=NetP7_4 Pin=P7-4
Added Pin To Net: NetName=NetP7_4 Pin=P8-1
Added Pin To Net: NetName=NetP7_4 Pin=R2-1
Added Pin To Net: NetName=NetP7_4 Pin=U1-40
Added Net: Name=NetP7_4
Added Pin To Net: NetName=NetP8_4 Pin=P8-4
Added Pin To Net: NetName=NetP8_4 Pin=U1-37
Added Net: Name=NetP8_4
Added Pin To Net: NetName=NetP8_5 Pin=P8-5
Added Pin To Net: NetName=NetP8_5 Pin=U1-36
Added Net: Name=NetP8_5
Added Pin To Net: NetName=NetP8_6 Pin=P8-6
Added Pin To Net: NetName=NetP8_6 Pin=U1-35
Added Net: Name=NetP8_6
Added Pin To Net: NetName=NetP8_7 Pin=P8-7
Added Pin To Net: NetName=NetP8_7 Pin=U1-34
Added Net: Name=NetP8_7
Added Pin To Net: NetName=NetP8_8 Pin=P8-8
Added Pin To Net: NetName=NetP8_8 Pin=U1-33
Added Net: Name=NetP8_8
Added Pin To Net: NetName=NetP9_1 Pin=P9-1
Added Pin To Net: NetName=NetP9_1 Pin=U1-22
Added Net: Name=NetP9_1
Added Pin To Net: NetName=NetP9_2 Pin=P9-2
Added Pin To Net: NetName=NetP9_2 Pin=U1-23
Added Net: Name=NetP9_2
Added Pin To Net: NetName=NetP9_3 Pin=P9-3
Added Pin To Net: NetName=NetP9_3 Pin=U1-24
Added Net: Name=NetP9_3
Added Pin To Net: NetName=NetP9_4 Pin=P9-4
Added Pin To Net: NetName=NetP9_4 Pin=U1-25
Added Net: Name=NetP9_4
Added Pin To Net: NetName=NetP9_5 Pin=P9-5
Added Pin To Net: NetName=NetP9_5 Pin=U1-26
Added Net: Name=NetP9_5
Added Pin To Net: NetName=NetP9_6 Pin=P9-6
Added Pin To Net: NetName=NetP9_6 Pin=U1-27
Added Net: Name=NetP9_6
Added Pin To Net: NetName=NetP9_7 Pin=P9-7
Added Pin To Net: NetName=NetP9_7 Pin=U1-28
Added Net: Name=NetP9_7
Added Pin To Net: NetName=NetP9_8 Pin=P9-8
Added Pin To Net: NetName=NetP9_8 Pin=U1-29
Added Net: Name=NetP9_8
Added Pin To Net: NetName=NetS1_2 Pin=S1-2
Added Pin To Net: NetName=NetS1_2 Pin=U1-9
Added Net: Name=NetS1_2
Added Member To Class: ClassName=circuit 1 Member=Component P6 Header 5
Added Member To Class: ClassName=circuit 1 Member=Component P8 Header 10
