Added Component: Designator=D38(LED-0)
Added Component: Designator=D39(LED-0)
Added Component: Designator=D40(LED-0)
Added Component: Designator=D41(LED-0)
Added Component: Designator=P101(HDR1X2)
Added Component: Designator=R38(AXIAL-0.3)
Added Component: Designator=R39(AXIAL-0.3)
Added Component: Designator=R40(AXIAL-0.3)
Added Component: Designator=R41(AXIAL-0.3)
Added Pin To Net: NetName=NetP6_2 Pin=P6-4
Added Pin To Net: NetName=NetP6_2 Pin=P6-6
Added Pin To Net: NetName=NetP6_2 Pin=P6-8
Added Pin To Net: NetName=NetP6_2 Pin=P101-2
Added Pin To Net: NetName=NetP6_1 Pin=R38-1
Added Pin To Net: NetName=NetP6_3 Pin=R39-2
Added Pin To Net: NetName=NetP6_5 Pin=R40-2
Added Pin To Net: NetName=NetP6_7 Pin=R41-2
Added Pin To Net: NetName=NetP6_2 Pin=U4-3
Added Pin To Net: NetName=NetP6_2 Pin=U5-3
Added Pin To Net: NetName=NetP6_2 Pin=U6-3
Added Pin To Net: NetName=NetD38_1 Pin=D38-1
Added Pin To Net: NetName=NetD38_1 Pin=D39-1
Added Pin To Net: NetName=NetD38_1 Pin=D40-1
Added Pin To Net: NetName=NetD38_1 Pin=D41-1
Added Pin To Net: NetName=NetD38_1 Pin=P101-1
Added Net: Name=NetD38_1
Added Pin To Net: NetName=NetD38_2 Pin=D38-2
Added Pin To Net: NetName=NetD38_2 Pin=R38-2
Added Net: Name=NetD38_2
Added Pin To Net: NetName=NetD39_2 Pin=D39-2
Added Pin To Net: NetName=NetD39_2 Pin=R39-1
Added Net: Name=NetD39_2
Added Pin To Net: NetName=NetD40_2 Pin=D40-2
Added Pin To Net: NetName=NetD40_2 Pin=R40-1
Added Net: Name=NetD40_2
Added Pin To Net: NetName=NetD41_2 Pin=D41-2
Added Pin To Net: NetName=NetD41_2 Pin=R41-1
Added Net: Name=NetD41_2
Added Member To Class: ClassName=AT32 Member=Component D38 LED0
Added Member To Class: ClassName=AT32 Member=Component D39 LED0
Added Member To Class: ClassName=AT32 Member=Component D40 LED0
Added Member To Class: ClassName=AT32 Member=Component D41 LED0
Added Member To Class: ClassName=AT32 Member=Component P101 Header 2
Added Member To Class: ClassName=AT32 Member=Component R38 Res1
Added Member To Class: ClassName=AT32 Member=Component R39 Res1
Added Member To Class: ClassName=AT32 Member=Component R40 Res1
Added Member To Class: ClassName=AT32 Member=Component R41 Res1
