Removed Pin From Net: NetName=VCC Pin=P3-1
Removed Pin From Net: NetName=GND Pin=P4-9
Removed Pin From Net: NetName=GND Pin=P4-10
Removed Pin From Net: NetName=GND Pin=P5-10
Removed Pin From Net: NetName=GND Pin=P7-1
Removed Pin From Net: NetName=GND Pin=P9-1
Removed Pin From Net: NetName=VCC Pin=P9-2
Removed Pin From Net: NetName=GND Pin=P9-5
Removed Pin From Net: NetName=VCC Pin=P9-15
Removed Pin From Net: NetName=GND Pin=P9-16
Removed Pin From Net: NetName=VCC Pin=P10-1
Removed Pin From Net: NetName=GND Pin=P10-3
Removed Pin From Net: NetName=VCC Pin=R2-2
Removed Pin From Net: NetName=VCC Pin=R3-2
Removed Pin From Net: NetName=VCC Pin=R4-2
Removed Pin From Net: NetName=GND Pin=R5-1
Removed Pin From Net: NetName=GND Pin=R5-2
Removed Pin From Net: NetName=GND Pin=R6-2
Removed Pin From Net: NetName=VCC Pin=R20-1
Removed Pin From Net: NetName=VCC Pin=R20-2
Removed Member From Class: ClassName=AT32 Member=P2
Removed Member From Class: ClassName=AT32 Member=P2
Removed Member From Class: ClassName=AT32 Member=P3
Removed Member From Class: ClassName=AT32 Member=P3
Removed Member From Class: ClassName=AT32 Member=P4
Removed Member From Class: ClassName=AT32 Member=P4
Removed Member From Class: ClassName=AT32 Member=P5
Removed Member From Class: ClassName=AT32 Member=P5
Removed Member From Class: ClassName=AT32 Member=P7
Removed Member From Class: ClassName=AT32 Member=P7
Removed Member From Class: ClassName=AT32 Member=P8
Removed Member From Class: ClassName=AT32 Member=P8
Removed Member From Class: ClassName=AT32 Member=P8
Removed Member From Class: ClassName=AT32 Member=P9
Removed Member From Class: ClassName=AT32 Member=P10
Removed Member From Class: ClassName=AT32 Member=R2
Removed Member From Class: ClassName=AT32 Member=R2
Removed Member From Class: ClassName=AT32 Member=R3
Removed Member From Class: ClassName=AT32 Member=R3
Removed Member From Class: ClassName=AT32 Member=R4
Removed Member From Class: ClassName=AT32 Member=R4
Removed Member From Class: ClassName=AT32 Member=R5
Removed Member From Class: ClassName=AT32 Member=R6
Removed Member From Class: ClassName=AT32 Member=R20
Removed Member From Class: ClassName=AT32 Member=R22
Removed Member From Class: ClassName=AT32 Member=R23
Removed Member From Class: ClassName=AT32 Member=R24
Removed Member From Class: ClassName=AT32 Member=R25
Removed Member From Class: ClassName=AT32 Member=R26
Removed Member From Class: ClassName=AT32 Member=R27
Change Component Designator: OldDesignator=P11 NewDesignator=Jp_Vcc
Added Component: Designator=ADC_PORTA(HDR1X4)
Added Component: Designator=Aref_gnd(HDR1X2)
Added Component: Designator=Aref_vcc(HDR1X2)
Added Component: Designator=butt1(`pcb_butt)
Added Component: Designator=butt2(`pcb_butt)
Added Component: Designator=butt3(`pcb_butt)
Added Component: Designator=butt4(`pcb_butt)
Added Component: Designator=ISP1(HDR2X5)
Added Component: Designator=R211(AXIAL-0.3)
Added Component: Designator=R212(AXIAL-0.3)
Added Component: Designator=R213(AXIAL-0.3)
Added Component: Designator=R214(AXIAL-0.3)
Added Component: Designator=SERIAL(HDR1X2)
Added Component: Designator=Y2(CAPR5.08-7.8x3.2)
Added Pin To Net: NetName=VCC Pin=Aref_vcc-2
Added Pin To Net: NetName=VCC Pin=butt1-2
Added Pin To Net: NetName=VCC Pin=butt1-c1
Added Pin To Net: NetName=VCC Pin=butt2-2
Added Pin To Net: NetName=VCC Pin=butt2-c1
Added Pin To Net: NetName=GND Pin=butt2-r2
Added Pin To Net: NetName=VCC Pin=butt3-2
Added Pin To Net: NetName=VCC Pin=butt3-c1
Added Pin To Net: NetName=GND Pin=butt3-r2
Added Pin To Net: NetName=VCC Pin=butt4-2
Added Pin To Net: NetName=VCC Pin=butt4-c1
Added Pin To Net: NetName=GND Pin=butt4-r2
Added Pin To Net: NetName=GND Pin=ISP1-2
Added Pin To Net: NetName=GND Pin=ISP1-10
Added Pin To Net: NetName=VCC Pin=L1-1
Added Pin To Net: NetName=VCC Pin=R211-2
Added Pin To Net: NetName=VCC Pin=R212-2
Added Pin To Net: NetName=VCC Pin=R213-2
Added Pin To Net: NetName=VCC Pin=R214-1
Change Net Name : Old Net Name=NetC3_1 New Net Name=XTAL2
Change Net Name : Old Net Name=NetC8_1 New Net Name=XTAL1
Added Pin To Net: NetName=A0 Pin=ADC_PORTA-1
Added Pin To Net: NetName=A0 Pin=U1-40
Added Net: Name=A0
Added Pin To Net: NetName=A1 Pin=ADC_PORTA-2
Added Pin To Net: NetName=A1 Pin=U1-39
Added Net: Name=A1
Added Pin To Net: NetName=A2 Pin=ADC_PORTA-3
Added Pin To Net: NetName=A2 Pin=U1-38
Added Net: Name=A2
Added Pin To Net: NetName=A3 Pin=ADC_PORTA-4
Added Pin To Net: NetName=A3 Pin=U1-37
Added Net: Name=A3
Added Pin To Net: NetName=BUTT1 Pin=butt1-1
Added Pin To Net: NetName=BUTT1 Pin=butt1-c2
Added Pin To Net: NetName=BUTT1 Pin=butt1-r1
Added Pin To Net: NetName=BUTT1 Pin=U1-1
Added Net: Name=BUTT1
Added Pin To Net: NetName=BUTT2 Pin=butt2-1
Added Pin To Net: NetName=BUTT2 Pin=butt2-c2
Added Pin To Net: NetName=BUTT2 Pin=butt2-r1
Added Pin To Net: NetName=BUTT2 Pin=U1-2
Added Net: Name=BUTT2
Added Pin To Net: NetName=BUTT3 Pin=butt3-1
Added Pin To Net: NetName=BUTT3 Pin=butt3-c2
Added Pin To Net: NetName=BUTT3 Pin=butt3-r1
Added Pin To Net: NetName=BUTT3 Pin=U1-3
Added Net: Name=BUTT3
Added Pin To Net: NetName=BUTT4 Pin=butt4-1
Added Pin To Net: NetName=BUTT4 Pin=butt4-c2
Added Pin To Net: NetName=BUTT4 Pin=butt4-r1
Added Pin To Net: NetName=BUTT4 Pin=U1-5
Added Net: Name=BUTT4
Added Pin To Net: NetName=D1 Pin=P100-11
Added Pin To Net: NetName=D1 Pin=U1-24
Added Net: Name=D1
Added Pin To Net: NetName=D2 Pin=P100-12
Added Pin To Net: NetName=D2 Pin=U1-25
Added Net: Name=D2
Added Pin To Net: NetName=D3 Pin=P100-13
Added Pin To Net: NetName=D3 Pin=U1-26
Added Net: Name=D3
Added Pin To Net: NetName=D4 Pin=P100-14
Added Pin To Net: NetName=D4 Pin=U1-27
Added Net: Name=D4
Added Pin To Net: NetName=EN Pin=P100-6
Added Pin To Net: NetName=EN Pin=U1-28
Added Net: Name=EN
Added Pin To Net: NetName=MICO Pin=ISP1-3
Added Pin To Net: NetName=MICO Pin=U1-7
Added Net: Name=MICO
Added Pin To Net: NetName=MOSI Pin=ISP1-9
Added Pin To Net: NetName=MOSI Pin=U1-6
Added Net: Name=MOSI
Added Pin To Net: NetName=NetAref_gnd_1 Pin=Aref_gnd-1
Added Pin To Net: NetName=NetAref_gnd_1 Pin=Aref_vcc-1
Added Pin To Net: NetName=NetAref_gnd_1 Pin=U1-32
Added Net: Name=NetAref_gnd_1
Added Pin To Net: NetName=NetAref_gnd_2 Pin=Aref_gnd-2
Added Pin To Net: NetName=NetAref_gnd_2 Pin=C4-1
Added Net: Name=NetAref_gnd_2
Added Net: Name=NetBT1_0
Added Net: Name=NetBT1_1
Added Pin To Net: NetName=NetUds1307_1 Pin=Y2-2
Added Net: Name=NetUds1307_1
Added Pin To Net: NetName=NetUds1307_2 Pin=Y2-1
Added Net: Name=NetUds1307_2
Added Pin To Net: NetName=PWM1A Pin=R8-1
Added Pin To Net: NetName=PWM1A Pin=U1-19
Added Net: Name=PWM1A
Added Pin To Net: NetName=PWM1B Pin=R9-1
Added Pin To Net: NetName=PWM1B Pin=U1-18
Added Net: Name=PWM1B
Added Pin To Net: NetName=PWM2 Pin=R7-2
Added Pin To Net: NetName=PWM2 Pin=U1-21
Added Net: Name=PWM2
Added Pin To Net: NetName=PWMO Pin=R10-1
Added Pin To Net: NetName=PWMO Pin=U1-4
Added Net: Name=PWMO
Added Pin To Net: NetName=RESET Pin=ISP1-6
Added Pin To Net: NetName=RESET Pin=U1-9
Added Net: Name=RESET
Added Pin To Net: NetName=RS Pin=P100-4
Added Pin To Net: NetName=RS Pin=U1-29
Added Net: Name=RS
Added Pin To Net: NetName=RXD Pin=SERIAL-1
Added Pin To Net: NetName=RXD Pin=U1-14
Added Net: Name=RXD
Added Pin To Net: NetName=SCK Pin=ISP1-1
Added Pin To Net: NetName=SCK Pin=U1-8
Added Net: Name=SCK
Added Pin To Net: NetName=SCL Pin=R212-1
Added Pin To Net: NetName=SCL Pin=R213-1
Added Pin To Net: NetName=SCL Pin=U1-22
Added Net: Name=SCL
Added Pin To Net: NetName=SDA Pin=R211-1
Added Pin To Net: NetName=SDA Pin=R214-2
Added Pin To Net: NetName=SDA Pin=U1-23
Added Net: Name=SDA
Added Pin To Net: NetName=TXD Pin=SERIAL-2
Added Pin To Net: NetName=TXD Pin=U1-15
Added Net: Name=TXD
Added Pin To Net: NetName=VCC_2 Pin=ISP1-4
Added Pin To Net: NetName=VCC_2 Pin=Jp_Vcc-2
Added Pin To Net: NetName=VCC_2 Pin=U1-10
Added Net: Name=VCC_2
Added Member To Class: ClassName=AT32 Member=Component ADC_PORTA Header 4
Added Member To Class: ClassName=AT32 Member=Component Aref_gnd Header 2
Added Member To Class: ClassName=AT32 Member=Component Aref_vcc Header 2
Added Member To Class: ClassName=AT32 Member=Component butt1 sch_butt
Added Member To Class: ClassName=AT32 Member=Component butt2 sch_butt
Added Member To Class: ClassName=AT32 Member=Component butt3 sch_butt
Added Member To Class: ClassName=AT32 Member=Component butt4 sch_butt
Added Member To Class: ClassName=AT32 Member=Component ISP1 Header 5X2
Added Member To Class: ClassName=AT32 Member=Component R211 Res1
Added Member To Class: ClassName=AT32 Member=Component R212 Res1
Added Member To Class: ClassName=AT32 Member=Component R213 Res1
Added Member To Class: ClassName=AT32 Member=Component R214 Res1
Added Member To Class: ClassName=AT32 Member=Component SERIAL Header 2
Added Member To Class: ClassName=AT32 Member=Component Y2 XTAL
