Removed Pin From Net: NetName=NetP6_1 Pin=U3-3
Removed Pin From Net: NetName=NetP6_5 Pin=U3-4
Removed Pin From Net: NetName=NetP6_1 Pin=U4-3
Removed Pin From Net: NetName=NetP6_4 Pin=U4-4
Removed Pin From Net: NetName=NetP6_1 Pin=U5-3
Removed Pin From Net: NetName=NetP6_1 Pin=U6-3
Removed Pin From Net: NetName=NetP6_2 Pin=U6-4
Change Component DesignItemId : Designator=P6 Old DesignItemId=Header 5 New DesignItemId=Header 8
Change Component Footprint: Designator=P6 Old Footprint=HDR1X5 New Footprint=HDR1X8
Change Component Comment : Designator=P6 Old Comment=Header 5 New Comment=Header 8
Added Pin To Net: NetName=NetP6_5 Pin=U3-3
Added Pin To Net: NetName=NetP6_1 Pin=U3-4
Added Pin To Net: NetName=NetP6_2 Pin=U4-4
Added Pin To Net: NetName=NetP6_4 Pin=U6-4
Added Pin To Net: NetName=NetP6_6 Pin=P6-6
Added Pin To Net: NetName=NetP6_6 Pin=U4-3
Added Net: Name=NetP6_6
Added Pin To Net: NetName=NetP6_7 Pin=P6-7
Added Pin To Net: NetName=NetP6_7 Pin=U5-3
Added Net: Name=NetP6_7
Added Pin To Net: NetName=NetP6_8 Pin=P6-8
Added Pin To Net: NetName=NetP6_8 Pin=U6-3
Added Net: Name=NetP6_8
